27/07/2025 03:28:06 - Conectado ao banco de dados com sucesso
27/07/2025 03:28:06 - Servidor rodando em http://localhost:3001/api
27/07/2025 03:28:09 - Recebido sinal SIGTERM, encerrando servidor...
27/07/2025 03:28:09 - Servidor HTTP encerrado
27/07/2025 03:28:11 - Conectado ao banco de dados com sucesso
27/07/2025 03:28:11 - Servidor rodando em http://localhost:3001/api
27/07/2025 03:29:00 - Recebido sinal SIGTERM, encerrando servidor...
27/07/2025 03:29:00 - Servidor HTTP encerrado
27/07/2025 03:29:17 - Conectado ao banco de dados com sucesso
27/07/2025 03:29:17 - Servidor rodando em http://localhost:3001/api
27/07/2025 03:29:33 - Recebido sinal SIGTERM, encerrando servidor...
27/07/2025 03:29:33 - Servidor HTTP encerrado
27/07/2025 03:29:34 - Conectado ao banco de dados com sucesso
27/07/2025 03:29:35 - Servidor rodando em http://localhost:3001/api
27/07/2025 03:29:47 - Recebido sinal SIGTERM, encerrando servidor...
27/07/2025 03:29:47 - Servidor HTTP encerrado
27/07/2025 03:29:48 - Conectado ao banco de dados com sucesso
27/07/2025 03:29:48 - Servidor rodando em http://localhost:3001/api
27/07/2025 03:30:06 - Recebido sinal SIGTERM, encerrando servidor...
27/07/2025 03:30:06 - Servidor HTTP encerrado
27/07/2025 03:30:08 - Conectado ao banco de dados com sucesso
27/07/2025 03:30:08 - Servidor rodando em http://localhost:3001/api
27/07/2025 03:30:23 - Servidor HTTP encerrado
27/07/2025 03:30:23 - Recebido sinal SIGTERM, encerrando servidor...
27/07/2025 03:30:24 - Conectado ao banco de dados com sucesso
27/07/2025 03:30:24 - Servidor rodando em http://localhost:3001/api
27/07/2025 03:31:26 - Recebido sinal SIGTERM, encerrando servidor...
27/07/2025 03:31:26 - Servidor HTTP encerrado
27/07/2025 03:31:27 - Conectado ao banco de dados com sucesso
27/07/2025 03:31:27 - Servidor rodando em http://localhost:3001/api
27/07/2025 03:31:58 - Recebido sinal SIGTERM, encerrando servidor...
27/07/2025 03:31:58 - Servidor HTTP encerrado
27/07/2025 03:31:59 - Conectado ao banco de dados com sucesso
27/07/2025 03:31:59 - Servidor rodando em http://localhost:3001/api
27/07/2025 03:32:22 - Recebido sinal SIGTERM, encerrando servidor...
27/07/2025 03:32:22 - Servidor HTTP encerrado
27/07/2025 03:32:26 - Conectado ao banco de dados com sucesso
27/07/2025 03:32:26 - Servidor rodando em http://localhost:3001/api
27/07/2025 03:32:49 - Recebido sinal SIGTERM, encerrando servidor...
27/07/2025 03:32:49 - Servidor HTTP encerrado
27/07/2025 03:32:51 - Conectado ao banco de dados com sucesso
27/07/2025 03:32:51 - Servidor rodando em http://localhost:3001/api
27/07/2025 03:32:55 - Recebido sinal SIGTERM, encerrando servidor...
27/07/2025 03:32:55 - Servidor HTTP encerrado
27/07/2025 03:32:56 - Conectado ao banco de dados com sucesso
27/07/2025 03:32:56 - Servidor rodando em http://localhost:3001/api
27/07/2025 03:32:57 - Recebido sinal SIGINT, encerrando servidor...
27/07/2025 03:32:57 - Servidor HTTP encerrado
27/07/2025 03:33:03 - Conectado ao banco de dados com sucesso
27/07/2025 03:33:03 - Servidor rodando em http://localhost:3001/api
27/07/2025 03:33:28 - Recebido sinal SIGTERM, encerrando servidor...
27/07/2025 03:33:28 - Servidor HTTP encerrado
27/07/2025 03:33:30 - Servidor rodando em http://localhost:3001/api
27/07/2025 03:33:40 - Servidor rodando em http://localhost:3001/api
27/07/2025 03:34:02 - Servidor rodando em http://localhost:3001/api
27/07/2025 03:34:22 - Conectado ao banco de dados com sucesso
27/07/2025 03:34:22 - Servidor rodando em http://localhost:3001/api
27/07/2025 03:34:26 - Recebido sinal SIGINT, encerrando servidor...
27/07/2025 03:34:26 - Servidor HTTP encerrado
27/07/2025 03:34:26 - Recebido sinal SIGINT, encerrando servidor...
27/07/2025 03:34:26 - Servidor HTTP encerrado
27/07/2025 03:34:29 - Conectado ao banco de dados com sucesso
27/07/2025 03:34:29 - Servidor rodando em http://localhost:3001/api
27/07/2025 03:35:00 - Recebido sinal SIGINT, encerrando servidor...
27/07/2025 03:35:00 - Servidor HTTP encerrado
27/07/2025 03:35:04 - Conectado ao banco de dados com sucesso
27/07/2025 03:35:04 - Servidor rodando em http://localhost:3001/api
27/07/2025 03:35:09 - Recebido sinal SIGTERM, encerrando servidor...
27/07/2025 03:35:09 - Servidor HTTP encerrado
27/07/2025 03:35:10 - Conectado ao banco de dados com sucesso
27/07/2025 03:35:10 - Servidor rodando em http://localhost:3001/api
27/07/2025 03:36:16 - Recebido sinal SIGTERM, encerrando servidor...
27/07/2025 03:36:16 - Servidor HTTP encerrado
27/07/2025 03:36:18 - Conectado ao banco de dados com sucesso
27/07/2025 03:36:18 - Servidor rodando em http://localhost:3001/api
27/07/2025 03:36:44 - Recebido sinal SIGTERM, encerrando servidor...
27/07/2025 03:36:44 - Servidor HTTP encerrado
27/07/2025 03:36:48 - Conectado ao banco de dados com sucesso
27/07/2025 03:36:48 - Servidor rodando em http://localhost:3001/api
27/07/2025 03:36:58 - Recebido sinal SIGTERM, encerrando servidor...
27/07/2025 03:36:58 - Servidor HTTP encerrado
27/07/2025 03:36:59 - Conectado ao banco de dados com sucesso
27/07/2025 03:36:59 - Servidor rodando em http://localhost:3001/api
27/07/2025 03:38:01 - Recebido sinal SIGTERM, encerrando servidor...
27/07/2025 03:38:01 - Servidor HTTP encerrado
27/07/2025 03:38:03 - Conectado ao banco de dados com sucesso
27/07/2025 03:38:03 - Servidor rodando em http://localhost:3001/api
27/07/2025 03:38:10 - Recebido sinal SIGTERM, encerrando servidor...
27/07/2025 03:38:10 - Servidor HTTP encerrado
27/07/2025 03:38:11 - Conectado ao banco de dados com sucesso
27/07/2025 03:38:11 - Servidor rodando em http://localhost:3001/api
27/07/2025 03:38:20 - Recebido sinal SIGTERM, encerrando servidor...
27/07/2025 03:38:20 - Servidor HTTP encerrado
27/07/2025 03:38:22 - Conectado ao banco de dados com sucesso
27/07/2025 03:38:22 - Servidor rodando em http://localhost:3001/api
27/07/2025 03:38:28 - Recebido sinal SIGTERM, encerrando servidor...
27/07/2025 03:38:28 - Servidor HTTP encerrado
27/07/2025 03:38:29 - Servidor rodando em http://localhost:3001/api
27/07/2025 03:39:23 - Servidor rodando em http://localhost:3001/api
27/07/2025 03:40:13 - Servidor rodando em http://localhost:3001/api
27/07/2025 03:41:04 - Servidor rodando em http://localhost:3001/api
27/07/2025 03:42:02 - Servidor rodando em http://localhost:3001/api
